<?xml version="1.0" encoding="UTF-8"?>
<!-- Generated by org.testng.reporters.JUnitXMLReporter -->
<testsuite hostname="DESKTOP-6GEIVGO" ignored="4" name="Default test" tests="1" failures="0" timestamp="19 Sep 2020 11:29:27 GMT" time="16.655" errors="0">
  <testcase name="loginWithCorrectCredentials" time="11.485" classname="com.fullstack.batch3.AppTest"/>
  <testcase name="testNavigation" time="0.0" classname="com.fullstack.batch3.AppTest">
    <ignored/>
  </testcase> <!-- testNavigation -->
  <testcase name="verifyTitle" time="0.0" classname="com.fullstack.batch3.AppTest">
    <ignored/>
  </testcase> <!-- verifyTitle -->
  <testcase name="testJSScript" time="0.0" classname="com.fullstack.batch3.AppTest">
    <ignored/>
  </testcase> <!-- testJSScript -->
  <testcase name="testSwitches" time="0.0" classname="com.fullstack.batch3.AppTest">
    <ignored/>
  </testcase> <!-- testSwitches -->
</testsuite> <!-- Default test -->
